#
# There is insufficient memory for the Java Runtime Environment to continue.
# Native memory allocation (malloc) failed to allocate 32744 bytes for ChunkPool::allocate
# Possible reasons:
#   The system is out of physical RAM or swap space
#   In 32 bit mode, the process size limit was hit
# Possible solutions:
#   Reduce memory load on the system
#   Increase physical memory or swap space
#   Check if swap backing store is full
#   Use 64 bit Java on a 64 bit OS
#   Decrease Java heap size (-Xmx/-Xms)
#   Decrease number of Java threads
#   Decrease Java thread stack sizes (-Xss)
#   Set larger code cache with -XX:ReservedCodeCacheSize=
# This output file may be truncated or incomplete.
#
#  Out of Memory Error (allocation.cpp:273), pid=15616, tid=0x00000000000055f0
#
# JRE version: Java(TM) SE Runtime Environment (8.0_171-b11) (build 1.8.0_171-b11)
# Java VM: Java HotSpot(TM) 64-Bit Server VM (25.171-b11 mixed mode windows-amd64 compressed oops)
# Failed to write core dump. Minidumps are not enabled by default on client versions of Windows
#

---------------  T H R E A D  ---------------

Current thread (0x0000000016e96000):  JavaThread "C1 CompilerThread2" daemon [_thread_in_native, id=22000, stack(0x00000000178d0000,0x00000000179d0000)]

Stack: [0x00000000178d0000,0x00000000179d0000]
[error occurred during error reporting (printing stack bounds), id 0xc0000005]

Native frames: (J=compiled Java code, j=interpreted, Vv=VM code, C=native code)


Current CompileTask:
C1:  18233 4722       1       com.sun.crypto.provider.AESCrypt::decryptBlock (3852 bytes)


---------------  P R O C E S S  ---------------

Java Threads: ( => current thread )
  0x000000001977c000 JavaThread "HikariPool-1 connection adder" daemon [_thread_in_native, id=30572, stack(0x000000001b720000,0x000000001b820000)]
  0x0000000019778800 JavaThread "HikariPool-1 housekeeper" daemon [_thread_blocked, id=28184, stack(0x000000001b420000,0x000000001b520000)]
  0x0000000019543800 JavaThread "mysql-cj-abandoned-connection-cleanup" daemon [_thread_blocked, id=20556, stack(0x000000001ac20000,0x000000001ad20000)]
  0x0000000019481800 JavaThread "container-0" [_thread_blocked, id=33656, stack(0x000000001ab20000,0x000000001ac20000)]
  0x000000001945d800 JavaThread "Catalina-utility-2" [_thread_blocked, id=14476, stack(0x000000001aa20000,0x000000001ab20000)]
  0x000000001945a000 JavaThread "Catalina-utility-1" [_thread_blocked, id=27656, stack(0x0000000018550000,0x0000000018650000)]
  0x0000000018a8b800 JavaThread "RMI Scheduler(0)" daemon [_thread_blocked, id=17996, stack(0x0000000019d20000,0x0000000019e20000)]
  0x0000000017592000 JavaThread "RMI TCP Connection(1)-192.168.1.105" daemon [_thread_in_native, id=30776, stack(0x0000000019a20000,0x0000000019b20000)]
  0x0000000016e1d800 JavaThread "restartedMain" [_thread_in_native, id=21988, stack(0x0000000018450000,0x0000000018550000)]
  0x0000000016e1c000 JavaThread "Thread-1" [_thread_blocked, id=24464, stack(0x0000000018350000,0x0000000018450000)]
  0x00000000170f9000 JavaThread "RMI TCP Accept-0" daemon [_thread_in_native, id=24448, stack(0x0000000017e10000,0x0000000017f10000)]
  0x0000000016e9d000 JavaThread "Service Thread" daemon [_thread_blocked, id=24212, stack(0x00000000179d0000,0x0000000017ad0000)]
=>0x0000000016e96000 JavaThread "C1 CompilerThread2" daemon [_thread_in_native, id=22000, stack(0x00000000178d0000,0x00000000179d0000)]
  0x0000000016e94000 JavaThread "C2 CompilerThread1" daemon [_thread_blocked, id=23364, stack(0x00000000177d0000,0x00000000178d0000)]
  0x0000000016d88800 JavaThread "C2 CompilerThread0" daemon [_thread_blocked, id=20872, stack(0x00000000176d0000,0x00000000177d0000)]
  0x0000000016d50800 JavaThread "Monitor Ctrl-Break" daemon [_thread_in_native, id=24348, stack(0x00000000175d0000,0x00000000176d0000)]
  0x0000000015374000 JavaThread "Attach Listener" daemon [_thread_blocked, id=7928, stack(0x00000000168d0000,0x00000000169d0000)]
  0x0000000015373000 JavaThread "Signal Dispatcher" daemon [_thread_blocked, id=24472, stack(0x00000000167d0000,0x00000000168d0000)]
  0x000000001535e800 JavaThread "Finalizer" daemon [_thread_blocked, id=31856, stack(0x00000000165d0000,0x00000000166d0000)]
  0x0000000002d97000 JavaThread "Reference Handler" daemon [_thread_blocked, id=20960, stack(0x00000000164d0000,0x00000000165d0000)]
  0x000000000297d000 JavaThread "main" [_thread_blocked, id=23956, stack(0x0000000002a80000,0x0000000002b80000)]

Other Threads:
  0x0000000015337000 VMThread [stack: 0x00000000163d0000,0x00000000164d0000] [id=22104]
  0x00000000170ff800 WatcherThread [stack: 0x0000000017f10000,0x0000000018010000] [id=19012]

VM state:not at safepoint (normal execution)

VM Mutex/Monitor currently owned by a thread: None

Heap:
 PSYoungGen      total 189440K, used 157794K [0x00000000eb400000, 0x00000000f7f80000, 0x0000000100000000)
  eden space 177152K, 89% used [0x00000000eb400000,0x00000000f4e18b48,0x00000000f6100000)
  from space 12288K, 0% used [0x00000000f6100000,0x00000000f6100000,0x00000000f6d00000)
  to   space 11264K, 0% used [0x00000000f6d00000,0x00000000f6d00000,0x00000000f7800000)
 ParOldGen       total 46592K, used 14486K [0x00000000c1c00000, 0x00000000c4980000, 0x00000000eb400000)
  object space 46592K, 31% used [0x00000000c1c00000,0x00000000c2a25a70,0x00000000c4980000)
 Metaspace       used 46151K, capacity 48214K, committed 48424K, reserved 1091584K
  class space    used 6441K, capacity 6836K, committed 6952K, reserved 1048576K

Card table byte_map: [0x0000000012160000,0x0000000012360000] byte_map_base: 0x0000000011b52000

Marking Bits: (ParMarkBitMap*) 0x00000000768708c0
 Begin Bits: [0x00000000128b0000, 0x0000000013840000)
 End Bits:   [0x0000000013840000, 0x00000000147d0000)

Polling page: 0x0000000000ba0000

CodeCache: size=245760Kb used=8564Kb max_used=8684Kb free=237195Kb
 bounds [0x0000000002da0000, 0x0000000003620000, 0x0000000011da0000]
 total_blobs=5222 nmethods=4662 adapters=471
 compilation: enabled

Compilation events (10 events):
Event: 17.893 Thread 0x0000000016e96000 nmethod 4717 0x00000000030cf950 code [0x00000000030cfaa0, 0x00000000030cfbd0]
Event: 17.895 Thread 0x0000000016e96000 4718       1       com.mysql.cj.conf.DefaultPropertySet::getBooleanProperty (6 bytes)
Event: 17.895 Thread 0x0000000016e96000 nmethod 4718 0x00000000030cf650 code [0x00000000030cf7a0, 0x00000000030cf8c8]
Event: 17.896 Thread 0x0000000016e96000 4719       1       com.sun.crypto.provider.AESCrypt::encryptBlock (953 bytes)
Event: 17.898 Thread 0x0000000016e96000 nmethod 4719 0x0000000003232050 code [0x0000000003232260, 0x0000000003232fd0]
Event: 18.219 Thread 0x0000000016e96000 4720       1       sun.util.calendar.Gregorian::newCalendarDate (9 bytes)
Event: 18.219 Thread 0x0000000016e96000 nmethod 4720 0x000000000300ef50 code [0x000000000300f0c0, 0x000000000300f248]
Event: 18.220 Thread 0x0000000016e96000 4721       1       sun.util.calendar.Gregorian$Date::<init> (6 bytes)
Event: 18.220 Thread 0x0000000016e96000 nmethod 4721 0x00000000030333d0 code [0x0000000003033520, 0x0000000003033670]
Event: 18.226 Thread 0x0000000016e96000 4722       1       com.sun.crypto.provider.AESCrypt::decryptBlock (3852 bytes)

GC Heap History (10 events):
Event: 4.838 GC heap before
{Heap before GC invocations=9 (full 1):
 PSYoungGen      total 71168K, used 65024K [0x00000000eb400000, 0x00000000f4500000, 0x0000000100000000)
  eden space 65024K, 100% used [0x00000000eb400000,0x00000000ef380000,0x00000000ef380000)
  from space 6144K, 0% used [0x00000000ef380000,0x00000000ef380000,0x00000000ef980000)
  to   space 9216K, 0% used [0x00000000f3c00000,0x00000000f3c00000,0x00000000f4500000)
 ParOldGen       total 35328K, used 11979K [0x00000000c1c00000, 0x00000000c3e80000, 0x00000000eb400000)
  object space 35328K, 33% used [0x00000000c1c00000,0x00000000c27b2ca0,0x00000000c3e80000)
 Metaspace       used 21882K, capacity 22710K, committed 22912K, reserved 1069056K
  class space    used 2935K, capacity 3178K, committed 3200K, reserved 1048576K
Event: 4.841 GC heap after
Heap after GC invocations=9 (full 1):
 PSYoungGen      total 122880K, used 2631K [0x00000000eb400000, 0x00000000f3f00000, 0x0000000100000000)
  eden space 119808K, 0% used [0x00000000eb400000,0x00000000eb400000,0x00000000f2900000)
  from space 3072K, 85% used [0x00000000f3c00000,0x00000000f3e91e78,0x00000000f3f00000)
  to   space 8704K, 0% used [0x00000000f2e00000,0x00000000f2e00000,0x00000000f3680000)
 ParOldGen       total 35328K, used 11987K [0x00000000c1c00000, 0x00000000c3e80000, 0x00000000eb400000)
  object space 35328K, 33% used [0x00000000c1c00000,0x00000000c27b4ca0,0x00000000c3e80000)
 Metaspace       used 21882K, capacity 22710K, committed 22912K, reserved 1069056K
  class space    used 2935K, capacity 3178K, committed 3200K, reserved 1048576K
}
Event: 6.135 GC heap before
{Heap before GC invocations=10 (full 1):
 PSYoungGen      total 122880K, used 122439K [0x00000000eb400000, 0x00000000f3f00000, 0x0000000100000000)
  eden space 119808K, 100% used [0x00000000eb400000,0x00000000f2900000,0x00000000f2900000)
  from space 3072K, 85% used [0x00000000f3c00000,0x00000000f3e91e78,0x00000000f3f00000)
  to   space 8704K, 0% used [0x00000000f2e00000,0x00000000f2e00000,0x00000000f3680000)
 ParOldGen       total 35328K, used 11987K [0x00000000c1c00000, 0x00000000c3e80000, 0x00000000eb400000)
  object space 35328K, 33% used [0x00000000c1c00000,0x00000000c27b4ca0,0x00000000c3e80000)
 Metaspace       used 27624K, capacity 29290K, committed 29568K, reserved 1075200K
  class space    used 3810K, capacity 4148K, committed 4224K, reserved 1048576K
Event: 6.147 GC heap after
Heap after GC invocations=10 (full 1):
 PSYoungGen      total 133632K, used 8684K [0x00000000eb400000, 0x00000000f7800000, 0x0000000100000000)
  eden space 124928K, 0% used [0x00000000eb400000,0x00000000eb400000,0x00000000f2e00000)
  from space 8704K, 99% used [0x00000000f2e00000,0x00000000f367b1c0,0x00000000f3680000)
  to   space 11264K, 0% used [0x00000000f6d00000,0x00000000f6d00000,0x00000000f7800000)
 ParOldGen       total 35328K, used 14260K [0x00000000c1c00000, 0x00000000c3e80000, 0x00000000eb400000)
  object space 35328K, 40% used [0x00000000c1c00000,0x00000000c29ed098,0x00000000c3e80000)
 Metaspace       used 27624K, capacity 29290K, committed 29568K, reserved 1075200K
  class space    used 3810K, capacity 4148K, committed 4224K, reserved 1048576K
}
Event: 6.774 GC heap before
{Heap before GC invocations=11 (full 1):
 PSYoungGen      total 133632K, used 133612K [0x00000000eb400000, 0x00000000f7800000, 0x0000000100000000)
  eden space 124928K, 100% used [0x00000000eb400000,0x00000000f2e00000,0x00000000f2e00000)
  from space 8704K, 99% used [0x00000000f2e00000,0x00000000f367b1c0,0x00000000f3680000)
  to   space 11264K, 0% used [0x00000000f6d00000,0x00000000f6d00000,0x00000000f7800000)
 ParOldGen       total 35328K, used 14260K [0x00000000c1c00000, 0x00000000c3e80000, 0x00000000eb400000)
  object space 35328K, 40% used [0x00000000c1c00000,0x00000000c29ed098,0x00000000c3e80000)
 Metaspace       used 32254K, capacity 34036K, committed 34176K, reserved 1079296K
  class space    used 4385K, capacity 4729K, committed 4736K, reserved 1048576K
Event: 6.787 GC heap after
Heap after GC invocations=11 (full 1):
 PSYoungGen      total 188416K, used 9265K [0x00000000eb400000, 0x00000000f7f80000, 0x0000000100000000)
  eden space 177152K, 0% used [0x00000000eb400000,0x00000000eb400000,0x00000000f6100000)
  from space 11264K, 82% used [0x00000000f6d00000,0x00000000f760c780,0x00000000f7800000)
  to   space 12288K, 0% used [0x00000000f6100000,0x00000000f6100000,0x00000000f6d00000)
 ParOldGen       total 35328K, used 15241K [0x00000000c1c00000, 0x00000000c3e80000, 0x00000000eb400000)
  object space 35328K, 43% used [0x00000000c1c00000,0x00000000c2ae2758,0x00000000c3e80000)
 Metaspace       used 32254K, capacity 34036K, committed 34176K, reserved 1079296K
  class space    used 4385K, capacity 4729K, committed 4736K, reserved 1048576K
}
Event: 7.017 GC heap before
{Heap before GC invocations=12 (full 1):
 PSYoungGen      total 188416K, used 29156K [0x00000000eb400000, 0x00000000f7f80000, 0x0000000100000000)
  eden space 177152K, 11% used [0x00000000eb400000,0x00000000ec76ca88,0x00000000f6100000)
  from space 11264K, 82% used [0x00000000f6d00000,0x00000000f760c780,0x00000000f7800000)
  to   space 12288K, 0% used [0x00000000f6100000,0x00000000f6100000,0x00000000f6d00000)
 ParOldGen       total 35328K, used 15241K [0x00000000c1c00000, 0x00000000c3e80000, 0x00000000eb400000)
  object space 35328K, 43% used [0x00000000c1c00000,0x00000000c2ae2758,0x00000000c3e80000)
 Metaspace       used 33645K, capacity 35436K, committed 35496K, reserved 1079296K
  class space    used 4646K, capacity 4995K, committed 5032K, reserved 1048576K
Event: 7.026 GC heap after
Heap after GC invocations=12 (full 1):
 PSYoungGen      total 189440K, used 1818K [0x00000000eb400000, 0x00000000f7f80000, 0x0000000100000000)
  eden space 177152K, 0% used [0x00000000eb400000,0x00000000eb400000,0x00000000f6100000)
  from space 12288K, 14% used [0x00000000f6100000,0x00000000f62c6930,0x00000000f6d00000)
  to   space 11264K, 0% used [0x00000000f6d00000,0x00000000f6d00000,0x00000000f7800000)
 ParOldGen       total 35328K, used 21218K [0x00000000c1c00000, 0x00000000c3e80000, 0x00000000eb400000)
  object space 35328K, 60% used [0x00000000c1c00000,0x00000000c30b8910,0x00000000c3e80000)
 Metaspace       used 33645K, capacity 35436K, committed 35496K, reserved 1079296K
  class space    used 4646K, capacity 4995K, committed 5032K, reserved 1048576K
}
Event: 7.026 GC heap before
{Heap before GC invocations=13 (full 2):
 PSYoungGen      total 189440K, used 1818K [0x00000000eb400000, 0x00000000f7f80000, 0x0000000100000000)
  eden space 177152K, 0% used [0x00000000eb400000,0x00000000eb400000,0x00000000f6100000)
  from space 12288K, 14% used [0x00000000f6100000,0x00000000f62c6930,0x00000000f6d00000)
  to   space 11264K, 0% used [0x00000000f6d00000,0x00000000f6d00000,0x00000000f7800000)
 ParOldGen       total 35328K, used 21218K [0x00000000c1c00000, 0x00000000c3e80000, 0x00000000eb400000)
  object space 35328K, 60% used [0x00000000c1c00000,0x00000000c30b8910,0x00000000c3e80000)
 Metaspace       used 33645K, capacity 35436K, committed 35496K, reserved 1079296K
  class space    used 4646K, capacity 4995K, committed 5032K, reserved 1048576K
Event: 7.122 GC heap after
Heap after GC invocations=13 (full 2):
 PSYoungGen      total 189440K, used 0K [0x00000000eb400000, 0x00000000f7f80000, 0x0000000100000000)
  eden space 177152K, 0% used [0x00000000eb400000,0x00000000eb400000,0x00000000f6100000)
  from space 12288K, 0% used [0x00000000f6100000,0x00000000f6100000,0x00000000f6d00000)
  to   space 11264K, 0% used [0x00000000f6d00000,0x00000000f6d00000,0x00000000f7800000)
 ParOldGen       total 46592K, used 14486K [0x00000000c1c00000, 0x00000000c4980000, 0x00000000eb400000)
  object space 46592K, 31% used [0x00000000c1c00000,0x00000000c2a25a70,0x00000000c4980000)
 Metaspace       used 33645K, capacity 35436K, committed 35496K, reserved 1079296K
  class space    used 4646K, capacity 4995K, committed 5032K, reserved 1048576K
}

Deoptimization events (0 events):
No events

Classes redefined (0 events):
No events

Internal exceptions (10 events):
Event: 8.532 Thread 0x0000000017592000 Exception <a 'java/lang/reflect/InvocationTargetException'> (0x00000000ec916608) thrown at [C:\re\workspace\8-2-build-windows-amd64-cygwin\jdk8u171\10807\hotspot\src\share\vm\runtime\reflection.cpp, line 1092]
Event: 9.050 Thread 0x0000000017592000 Exception <a 'java/lang/reflect/InvocationTargetException'> (0x00000000ec924040) thrown at [C:\re\workspace\8-2-build-windows-amd64-cygwin\jdk8u171\10807\hotspot\src\share\vm\runtime\reflection.cpp, line 1092]
Event: 9.573 Thread 0x0000000017592000 Exception <a 'java/lang/reflect/InvocationTargetException'> (0x00000000ec931aa0) thrown at [C:\re\workspace\8-2-build-windows-amd64-cygwin\jdk8u171\10807\hotspot\src\share\vm\runtime\reflection.cpp, line 1092]
Event: 10.086 Thread 0x0000000017592000 Exception <a 'java/lang/reflect/InvocationTargetException'> (0x00000000ecd92950) thrown at [C:\re\workspace\8-2-build-windows-amd64-cygwin\jdk8u171\10807\hotspot\src\share\vm\runtime\reflection.cpp, line 1092]
Event: 10.606 Thread 0x0000000017592000 Exception <a 'java/lang/reflect/InvocationTargetException'> (0x00000000ecda0388) thrown at [C:\re\workspace\8-2-build-windows-amd64-cygwin\jdk8u171\10807\hotspot\src\share\vm\runtime\reflection.cpp, line 1092]
Event: 11.124 Thread 0x0000000017592000 Exception <a 'java/lang/reflect/InvocationTargetException'> (0x00000000ecdb0aa0) thrown at [C:\re\workspace\8-2-build-windows-amd64-cygwin\jdk8u171\10807\hotspot\src\share\vm\runtime\reflection.cpp, line 1092]
Event: 11.645 Thread 0x0000000017592000 Exception <a 'java/lang/reflect/InvocationTargetException'> (0x00000000ee67ee58) thrown at [C:\re\workspace\8-2-build-windows-amd64-cygwin\jdk8u171\10807\hotspot\src\share\vm\runtime\reflection.cpp, line 1092]
Event: 16.528 Thread 0x0000000016e1d800 Exception <a 'java/lang/ArrayIndexOutOfBoundsException'> (0x00000000f0ec2ac8) thrown at [C:\re\workspace\8-2-build-windows-amd64-cygwin\jdk8u171\10807\hotspot\src\share\vm\runtime\sharedRuntime.cpp, line 605]
Event: 16.553 Thread 0x0000000016e1d800 Exception <a 'java/lang/ArrayIndexOutOfBoundsException'> (0x00000000f13392e0) thrown at [C:\re\workspace\8-2-build-windows-amd64-cygwin\jdk8u171\10807\hotspot\src\share\vm\runtime\sharedRuntime.cpp, line 605]
Event: 16.749 Thread 0x0000000016e1d800 Exception <a 'java/lang/ArrayIndexOutOfBoundsException'> (0x00000000f20dcca8) thrown at [C:\re\workspace\8-2-build-windows-amd64-cygwin\jdk8u171\10807\hotspot\src\share\vm\runtime\sharedRuntime.cpp, line 605]

Events (10 events):
Event: 17.853 Thread 0x0000000016e96000 flushing nmethod 0x0000000003210990
Event: 17.854 Thread 0x0000000016e96000 flushing nmethod 0x000000000322a8d0
Event: 17.854 Thread 0x0000000016e96000 flushing nmethod 0x00000000032318d0
Event: 17.856 Executing VM operation: RevokeBias
Event: 17.856 Executing VM operation: RevokeBias done
Event: 17.856 Thread 0x000000001977f000 Thread exited: 0x000000001977f000
Event: 17.858 Thread 0x0000000016e96000 flushing nmethod 0x000000000331fdd0
Event: 17.858 Thread 0x0000000016e96000 flushing nmethod 0x0000000003323290
Event: 17.893 loading class com/mysql/cj/jdbc/DatabaseMetaData$2
Event: 17.893 loading class com/mysql/cj/jdbc/DatabaseMetaData$2 done


Dynamic libraries:
0x00007ff775a60000 - 0x00007ff775a97000 	C:\Program Files\Java\jdk1.8.0_171\bin\java.exe
0x00007ffa6b460000 - 0x00007ffa6b650000 	C:\WINDOWS\SYSTEM32\ntdll.dll
0x00007ffa6b360000 - 0x00007ffa6b412000 	C:\WINDOWS\System32\KERNEL32.DLL
0x00007ffa68660000 - 0x00007ffa68903000 	C:\WINDOWS\System32\KERNELBASE.dll
0x00007ffa6a2e0000 - 0x00007ffa6a383000 	C:\WINDOWS\System32\ADVAPI32.dll
0x00007ffa6b030000 - 0x00007ffa6b0ce000 	C:\WINDOWS\System32\msvcrt.dll
0x00007ffa6a460000 - 0x00007ffa6a4f7000 	C:\WINDOWS\System32\sechost.dll
0x00007ffa69cc0000 - 0x00007ffa69de0000 	C:\WINDOWS\System32\RPCRT4.dll
0x00007ffa69ff0000 - 0x00007ffa6a184000 	C:\WINDOWS\System32\USER32.dll
0x00007ffa69190000 - 0x00007ffa691b1000 	C:\WINDOWS\System32\win32u.dll
0x00007ffa69de0000 - 0x00007ffa69e06000 	C:\WINDOWS\System32\GDI32.dll
0x00007ffa69310000 - 0x00007ffa694a4000 	C:\WINDOWS\System32\gdi32full.dll
0x00007ffa685c0000 - 0x00007ffa6865e000 	C:\WINDOWS\System32\msvcp_win.dll
0x00007ffa684c0000 - 0x00007ffa685ba000 	C:\WINDOWS\System32\ucrtbase.dll
0x00007ffa55eb0000 - 0x00007ffa56135000 	C:\WINDOWS\WinSxS\amd64_microsoft.windows.common-controls_6595b64144ccf1df_6.0.18362.535_none_e6c3b34713100821\COMCTL32.dll
0x00007ffa69510000 - 0x00007ffa69846000 	C:\WINDOWS\System32\combase.dll
0x00007ffa683f0000 - 0x00007ffa68470000 	C:\WINDOWS\System32\bcryptPrimitives.dll
0x00007ffa6b330000 - 0x00007ffa6b35e000 	C:\WINDOWS\System32\IMM32.DLL
0x00000000768f0000 - 0x00000000769c2000 	C:\Program Files\Java\jdk1.8.0_171\jre\bin\msvcr100.dll
0x0000000076050000 - 0x00000000768f0000 	C:\Program Files\Java\jdk1.8.0_171\jre\bin\server\jvm.dll
0x00007ffa6a1f0000 - 0x00007ffa6a1f8000 	C:\WINDOWS\System32\PSAPI.DLL
0x00007ffa65e90000 - 0x00007ffa65eb4000 	C:\WINDOWS\SYSTEM32\WINMM.dll
0x00007ffa567a0000 - 0x00007ffa567a9000 	C:\WINDOWS\SYSTEM32\WSOCK32.dll
0x00007ffa6ace0000 - 0x00007ffa6ad4f000 	C:\WINDOWS\System32\WS2_32.dll
0x00007ffa58b60000 - 0x00007ffa58b6a000 	C:\WINDOWS\SYSTEM32\VERSION.dll
0x00007ffa65e20000 - 0x00007ffa65e4d000 	C:\WINDOWS\SYSTEM32\winmmbase.dll
0x00007ffa68470000 - 0x00007ffa684ba000 	C:\WINDOWS\System32\cfgmgr32.dll
0x0000000076040000 - 0x000000007604f000 	C:\Program Files\Java\jdk1.8.0_171\jre\bin\verify.dll
0x0000000076010000 - 0x0000000076039000 	C:\Program Files\Java\jdk1.8.0_171\jre\bin\java.dll
0x0000000075fe0000 - 0x0000000076003000 	C:\Program Files\Java\jdk1.8.0_171\jre\bin\instrument.dll
0x0000000075fc0000 - 0x0000000075fd6000 	C:\Program Files\Java\jdk1.8.0_171\jre\bin\zip.dll
0x00007ffa6a580000 - 0x00007ffa6ac65000 	C:\WINDOWS\System32\SHELL32.dll
0x00007ffa6b0d0000 - 0x00007ffa6b179000 	C:\WINDOWS\System32\shcore.dll
0x00007ffa68910000 - 0x00007ffa6908f000 	C:\WINDOWS\System32\windows.storage.dll
0x00007ffa68340000 - 0x00007ffa6835f000 	C:\WINDOWS\System32\profapi.dll
0x00007ffa68360000 - 0x00007ffa683aa000 	C:\WINDOWS\System32\powrprof.dll
0x00007ffa68330000 - 0x00007ffa68340000 	C:\WINDOWS\System32\UMPDC.dll
0x00007ffa6a190000 - 0x00007ffa6a1e2000 	C:\WINDOWS\System32\shlwapi.dll
0x00007ffa683b0000 - 0x00007ffa683c1000 	C:\WINDOWS\System32\kernel.appcore.dll
0x00007ffa69170000 - 0x00007ffa69187000 	C:\WINDOWS\System32\cryptsp.dll
0x00007ffa62ef0000 - 0x00007ffa62f0a000 	C:\Program Files\JetBrains\IntelliJ IDEA 2019.1\bin\breakgen64.dll
0x0000000075fa0000 - 0x0000000075fba000 	C:\Program Files\Java\jdk1.8.0_171\jre\bin\net.dll
0x00007ffa67ba0000 - 0x00007ffa67c07000 	C:\WINDOWS\system32\mswsock.dll
0x00007ffa678f0000 - 0x00007ffa679ba000 	C:\WINDOWS\SYSTEM32\DNSAPI.dll
0x00007ffa6a200000 - 0x00007ffa6a208000 	C:\WINDOWS\System32\NSI.dll
0x00007ffa678b0000 - 0x00007ffa678ea000 	C:\WINDOWS\SYSTEM32\IPHLPAPI.DLL
0x00007ffa5e2a0000 - 0x00007ffa5e2aa000 	C:\Windows\System32\rasadhlp.dll
0x00007ffa5e340000 - 0x00007ffa5e3b7000 	C:\WINDOWS\System32\fwpuclnt.dll
0x00007ffa69140000 - 0x00007ffa69166000 	C:\WINDOWS\System32\bcrypt.dll
0x0000000075f90000 - 0x0000000075f9d000 	C:\Program Files\Java\jdk1.8.0_171\jre\bin\management.dll
0x0000000075f70000 - 0x0000000075f81000 	C:\Program Files\Java\jdk1.8.0_171\jre\bin\nio.dll
0x00007ffa67710000 - 0x00007ffa67743000 	C:\WINDOWS\system32\rsaenh.dll
0x00007ffa68250000 - 0x00007ffa68275000 	C:\WINDOWS\SYSTEM32\USERENV.dll
0x00007ffa67d70000 - 0x00007ffa67d7c000 	C:\WINDOWS\SYSTEM32\CRYPTBASE.dll
0x00007ffa5e2d0000 - 0x00007ffa5e2e6000 	C:\WINDOWS\SYSTEM32\dhcpcsvc6.DLL
0x00007ffa5e2b0000 - 0x00007ffa5e2cc000 	C:\WINDOWS\SYSTEM32\dhcpcsvc.DLL
0x00007ffa55c10000 - 0x00007ffa55c26000 	C:\WINDOWS\system32\napinsp.dll
0x00007ffa55bf0000 - 0x00007ffa55c0a000 	C:\WINDOWS\system32\pnrpnsp.dll
0x00007ffa56750000 - 0x00007ffa5675e000 	C:\WINDOWS\System32\winrnr.dll
0x00007ffa64340000 - 0x00007ffa6435c000 	C:\WINDOWS\system32\NLAapi.dll
0x00007ffa62cc0000 - 0x00007ffa62cd5000 	C:\WINDOWS\system32\wshbth.dll
0x0000000075e30000 - 0x0000000075e54000 	C:\Program Files\Java\jdk1.8.0_171\jre\bin\sunec.dll
0x0000000075f60000 - 0x0000000075f6b000 	C:\Program Files\Java\jdk1.8.0_171\jre\bin\sunmscapi.dll
0x00007ffa691c0000 - 0x00007ffa69309000 	C:\WINDOWS\System32\CRYPT32.dll
0x00007ffa683d0000 - 0x00007ffa683e2000 	C:\WINDOWS\System32\MSASN1.dll

VM Arguments:
jvm_args: -XX:TieredStopAtLevel=1 -Xverify:none -Dspring.output.ansi.enabled=always -Dcom.sun.management.jmxremote -Dspring.liveBeansView.mbeanDomain -Dspring.application.admin.enabled=true -javaagent:C:\Program Files\JetBrains\IntelliJ IDEA 2019.1\lib\idea_rt.jar=55090:C:\Program Files\JetBrains\IntelliJ IDEA 2019.1\bin -Dfile.encoding=UTF-8 
java_command: com.duny.fcr.FcrApplication
java_class_path (initial): C:\Program Files\Java\jdk1.8.0_171\jre\lib\charsets.jar;C:\Program Files\Java\jdk1.8.0_171\jre\lib\deploy.jar;C:\Program Files\Java\jdk1.8.0_171\jre\lib\ext\access-bridge-64.jar;C:\Program Files\Java\jdk1.8.0_171\jre\lib\ext\cldrdata.jar;C:\Program Files\Java\jdk1.8.0_171\jre\lib\ext\dnsns.jar;C:\Program Files\Java\jdk1.8.0_171\jre\lib\ext\jaccess.jar;C:\Program Files\Java\jdk1.8.0_171\jre\lib\ext\jfxrt.jar;C:\Program Files\Java\jdk1.8.0_171\jre\lib\ext\localedata.jar;C:\Program Files\Java\jdk1.8.0_171\jre\lib\ext\nashorn.jar;C:\Program Files\Java\jdk1.8.0_171\jre\lib\ext\sunec.jar;C:\Program Files\Java\jdk1.8.0_171\jre\lib\ext\sunjce_provider.jar;C:\Program Files\Java\jdk1.8.0_171\jre\lib\ext\sunmscapi.jar;C:\Program Files\Java\jdk1.8.0_171\jre\lib\ext\sunpkcs11.jar;C:\Program Files\Java\jdk1.8.0_171\jre\lib\ext\zipfs.jar;C:\Program Files\Java\jdk1.8.0_171\jre\lib\javaws.jar;C:\Program Files\Java\jdk1.8.0_171\jre\lib\jce.jar;C:\Program Files\Java\jdk1.8.0_171\jre\lib\jfr.jar;C:\Program Files\Java\jdk1.8.0_171\jre\lib\jfxswt.jar;C:\Program Files\Java\jdk1.8.0_171\jre\lib\jsse.jar;C:\Program Files\Java\jdk1.8.0_171\jre\lib\management-agent.jar;C:\Program Files\Java\jdk1.8.0_171\jre\lib\plugin.jar;C:\Program Files\Java\jdk1.8.0_171\jre\lib\resources.jar;C:\Program Files\Java\jdk1.8.0_171\jre\lib\rt.jar;E:\Git\spring_boot\fcr\target\classes;C:\Users\HP\.m2\repository\org\springframework\boot\spring-boot-starter-data-jpa\2.2.1.RELEASE\spring-boot-starter-data-jpa-2.2.1.RELEASE.jar;C:\Users\HP\.m2\repository\org\springframework\boot\spring-boot-starter-aop\2.2.1.RELEASE\spring-boot-starter-aop-2.2.1.RELEASE.jar;C:\Users\HP\.m2\repository\org\springframework\spring-aop\5.2.1.RELEASE\spring-aop-5.2.1.RELEASE.jar;C:\Users\HP\.m2\repository\org\aspectj\aspectjweaver\1.9.4\aspectjweaver-1.9.4.jar;C:\Users\HP\.m2\repository\org\springframework\boot\spring-boot-starter-jdbc\2.2.1.RELEASE\spring-boot-starter-jdbc-2.2.1.RELEASE.jar;C:\Users\HP\.m2\rep
Launcher Type: SUN_STANDARD

Environment Variables:
JAVA_HOME=C:\Program Files\Java\jdk1.8.0_171
PATH=C:\oraclexe\app\oracle\product\11.2.0\server\bin;;C:\Program Files (x86)\Common Files\Oracle\Java\javapath;C:\WINDOWS\system32;C:\WINDOWS;C:\WINDOWS\System32\Wbem;C:\WINDOWS\System32\WindowsPowerShell\v1.0\;C:\WINDOWS\System32\OpenSSH\;C:\Program Files\Java\jdk1.8.0_171\bin;C:\Program Files\Git\cmd;C:\Program Files\nodejs\;C:\Users\HP\AppData\Local\Microsoft\WindowsApps;C:\Program Files\Java\jdk1.8.0_171\bin;C:\Users\HP\AppData\Roaming\npm;C:\Program Files\JetBrains\WebStorm 2019.1.3\bin;;"C:\Program Files\apache-maven-3.2.3\bin;";;C:\Users\HP\AppData\Local\Programs\Microsoft VS Code\bin
USERNAME=HP
OS=Windows_NT
PROCESSOR_IDENTIFIER=Intel64 Family 6 Model 58 Stepping 9, GenuineIntel



---------------  S Y S T E M  ---------------

OS: Windows 10.0 , 64 bit Build 18362 (10.0.18362.329)

CPU:total 4 (initial active 4) (2 cores per cpu, 2 threads per core) family 6 model 58 stepping 9, cmov, cx8, fxsr, mmx, sse, sse2, sse3, ssse3, sse4.1, sse4.2, popcnt, avx, aes, clmul, erms, ht, tsc, tscinvbit, tscinv

Memory: 4k page, physical 4072968k(314076k free), swap 16655880k(3376k free)

vm_info: Java HotSpot(TM) 64-Bit Server VM (25.171-b11) for windows-amd64 JRE (1.8.0_171-b11), built on Mar 28 2018 16:06:12 by "java_re" with MS VC++ 10.0 (VS2010)

time: Thu Dec 19 00:58:54 2019
elapsed time: 18 seconds (0d 0h 0m 18s)

